Using Spark's default log4j profile: org/apache/spark/log4j-defaults.properties
16/11/03 12:04:34 INFO SparkContext: Running Spark version 2.0.0
16/11/03 12:04:35 WARN NativeCodeLoader: Unable to load native-hadoop library for your platform... using builtin-java classes where applicable
16/11/03 12:04:35 WARN Utils: Your hostname, raghav resolves to a loopback address: 127.0.1.1; using 130.49.212.215 instead (on interface eth0)
16/11/03 12:04:35 WARN Utils: Set SPARK_LOCAL_IP if you need to bind to another address
16/11/03 12:04:35 INFO SecurityManager: Changing view acls to: raghav
16/11/03 12:04:35 INFO SecurityManager: Changing modify acls to: raghav
16/11/03 12:04:35 INFO SecurityManager: Changing view acls groups to: 
16/11/03 12:04:35 INFO SecurityManager: Changing modify acls groups to: 
16/11/03 12:04:35 INFO SecurityManager: SecurityManager: authentication disabled; ui acls disabled; users  with view permissions: Set(raghav); groups with view permissions: Set(); users  with modify permissions: Set(raghav); groups with modify permissions: Set()
16/11/03 12:04:35 INFO Utils: Successfully started service 'sparkDriver' on port 42180.
16/11/03 12:04:35 INFO SparkEnv: Registering MapOutputTracker
16/11/03 12:04:35 INFO SparkEnv: Registering BlockManagerMaster
16/11/03 12:04:35 INFO DiskBlockManager: Created local directory at /tmp/blockmgr-4b08286c-648b-49d1-a186-c207042c33a1
16/11/03 12:04:35 INFO MemoryStore: MemoryStore started with capacity 366.3 MB
16/11/03 12:04:35 INFO SparkEnv: Registering OutputCommitCoordinator
16/11/03 12:04:36 WARN Utils: Service 'SparkUI' could not bind on port 4040. Attempting port 4041.
16/11/03 12:04:36 WARN Utils: Service 'SparkUI' could not bind on port 4041. Attempting port 4042.
16/11/03 12:04:36 WARN Utils: Service 'SparkUI' could not bind on port 4042. Attempting port 4043.
16/11/03 12:04:36 WARN Utils: Service 'SparkUI' could not bind on port 4043. Attempting port 4044.
16/11/03 12:04:36 WARN Utils: Service 'SparkUI' could not bind on port 4044. Attempting port 4045.
16/11/03 12:04:36 WARN Utils: Service 'SparkUI' could not bind on port 4045. Attempting port 4046.
16/11/03 12:04:36 WARN Utils: Service 'SparkUI' could not bind on port 4046. Attempting port 4047.
16/11/03 12:04:36 INFO Utils: Successfully started service 'SparkUI' on port 4047.
16/11/03 12:04:36 INFO SparkUI: Bound SparkUI to 0.0.0.0, and started at http://130.49.212.215:4047
16/11/03 12:04:36 INFO SparkContext: Added JAR file:/home/raghav/Documents/scalableMLBigData/A2/a2.jar at spark://130.49.212.215:42180/jars/a2.jar with timestamp 1478189076063
16/11/03 12:04:36 INFO Executor: Starting executor ID driver on host localhost
16/11/03 12:04:36 INFO Utils: Successfully started service 'org.apache.spark.network.netty.NettyBlockTransferService' on port 48321.
16/11/03 12:04:36 INFO NettyBlockTransferService: Server created on 130.49.212.215:48321
16/11/03 12:04:36 INFO BlockManagerMaster: Registering BlockManager BlockManagerId(driver, 130.49.212.215, 48321)
16/11/03 12:04:36 INFO BlockManagerMasterEndpoint: Registering block manager 130.49.212.215:48321 with 366.3 MB RAM, BlockManagerId(driver, 130.49.212.215, 48321)
16/11/03 12:04:36 INFO BlockManagerMaster: Registered BlockManager BlockManagerId(driver, 130.49.212.215, 48321)
16/11/03 12:04:36 INFO MemoryStore: Block broadcast_0 stored as values in memory (estimated size 145.5 KB, free 366.2 MB)
16/11/03 12:04:36 INFO MemoryStore: Block broadcast_0_piece0 stored as bytes in memory (estimated size 16.3 KB, free 366.1 MB)
16/11/03 12:04:36 INFO BlockManagerInfo: Added broadcast_0_piece0 in memory on 130.49.212.215:48321 (size: 16.3 KB, free: 366.3 MB)
16/11/03 12:04:36 INFO SparkContext: Created broadcast 0 from textFile at a2.scala:44
findmeee start code
filename small.csv
16/11/03 12:04:36 INFO MemoryStore: Block broadcast_1 stored as values in memory (estimated size 145.5 KB, free 366.0 MB)
16/11/03 12:04:36 INFO MemoryStore: Block broadcast_1_piece0 stored as bytes in memory (estimated size 16.3 KB, free 366.0 MB)
16/11/03 12:04:36 INFO BlockManagerInfo: Added broadcast_1_piece0 in memory on 130.49.212.215:48321 (size: 16.3 KB, free: 366.3 MB)
16/11/03 12:04:36 INFO SparkContext: Created broadcast 1 from textFile at a2.scala:64
findmeee convert to coordinate matrix
Thu Nov 03 12:04:37 EDT 2016
Thu Nov 03 12:04:37 EDT 2016
findmeee convert to indexed row matrix
Thu Nov 03 12:04:37 EDT 2016
16/11/03 12:04:37 INFO FileInputFormat: Total input paths to process : 1
16/11/03 12:04:37 INFO SparkContext: Starting job: reduce at CoordinateMatrix.scala:149
16/11/03 12:04:37 INFO DAGScheduler: Got job 0 (reduce at CoordinateMatrix.scala:149) with 2 output partitions
16/11/03 12:04:37 INFO DAGScheduler: Final stage: ResultStage 0 (reduce at CoordinateMatrix.scala:149)
16/11/03 12:04:37 INFO DAGScheduler: Parents of final stage: List()
16/11/03 12:04:37 INFO DAGScheduler: Missing parents: List()
16/11/03 12:04:37 INFO DAGScheduler: Submitting ResultStage 0 (MapPartitionsRDD[6] at map at CoordinateMatrix.scala:149), which has no missing parents
16/11/03 12:04:37 INFO MemoryStore: Block broadcast_2 stored as values in memory (estimated size 3.4 KB, free 366.0 MB)
16/11/03 12:04:37 INFO MemoryStore: Block broadcast_2_piece0 stored as bytes in memory (estimated size 1999.0 B, free 366.0 MB)
16/11/03 12:04:37 INFO BlockManagerInfo: Added broadcast_2_piece0 in memory on 130.49.212.215:48321 (size: 1999.0 B, free: 366.3 MB)
16/11/03 12:04:37 INFO SparkContext: Created broadcast 2 from broadcast at DAGScheduler.scala:1012
16/11/03 12:04:37 INFO DAGScheduler: Submitting 2 missing tasks from ResultStage 0 (MapPartitionsRDD[6] at map at CoordinateMatrix.scala:149)
16/11/03 12:04:37 INFO TaskSchedulerImpl: Adding task set 0.0 with 2 tasks
16/11/03 12:04:37 INFO TaskSetManager: Starting task 0.0 in stage 0.0 (TID 0, localhost, partition 0, PROCESS_LOCAL, 5445 bytes)
16/11/03 12:04:37 INFO TaskSetManager: Starting task 1.0 in stage 0.0 (TID 1, localhost, partition 1, PROCESS_LOCAL, 5445 bytes)
16/11/03 12:04:37 INFO Executor: Running task 0.0 in stage 0.0 (TID 0)
16/11/03 12:04:37 INFO Executor: Running task 1.0 in stage 0.0 (TID 1)
16/11/03 12:04:37 INFO Executor: Fetching spark://130.49.212.215:42180/jars/a2.jar with timestamp 1478189076063
16/11/03 12:04:37 INFO TransportClientFactory: Successfully created connection to /130.49.212.215:42180 after 21 ms (0 ms spent in bootstraps)
16/11/03 12:04:37 INFO Utils: Fetching spark://130.49.212.215:42180/jars/a2.jar to /tmp/spark-4c93764d-b950-4e6d-ab19-85d84ab9d4cf/userFiles-3eda2a0d-9527-4ef1-859c-c98b8267b8ee/fetchFileTemp7351419944228996656.tmp
16/11/03 12:04:38 INFO Executor: Adding file:/tmp/spark-4c93764d-b950-4e6d-ab19-85d84ab9d4cf/userFiles-3eda2a0d-9527-4ef1-859c-c98b8267b8ee/a2.jar to class loader
16/11/03 12:04:38 INFO HadoopRDD: Input split: file:/home/raghav/Documents/scalableMLBigData/A2/small.csv:0+55005
16/11/03 12:04:38 INFO HadoopRDD: Input split: file:/home/raghav/Documents/scalableMLBigData/A2/small.csv:55005+55006
16/11/03 12:04:38 INFO deprecation: mapred.tip.id is deprecated. Instead, use mapreduce.task.id
16/11/03 12:04:38 INFO deprecation: mapred.task.id is deprecated. Instead, use mapreduce.task.attempt.id
16/11/03 12:04:38 INFO deprecation: mapred.task.is.map is deprecated. Instead, use mapreduce.task.ismap
16/11/03 12:04:38 INFO deprecation: mapred.task.partition is deprecated. Instead, use mapreduce.task.partition
16/11/03 12:04:38 INFO deprecation: mapred.job.id is deprecated. Instead, use mapreduce.job.id
16/11/03 12:04:38 INFO Executor: Finished task 0.0 in stage 0.0 (TID 0). 892 bytes result sent to driver
16/11/03 12:04:38 INFO Executor: Finished task 1.0 in stage 0.0 (TID 1). 892 bytes result sent to driver
16/11/03 12:04:38 INFO TaskSetManager: Finished task 1.0 in stage 0.0 (TID 1) in 1100 ms on localhost (1/2)
16/11/03 12:04:38 INFO TaskSetManager: Finished task 0.0 in stage 0.0 (TID 0) in 1138 ms on localhost (2/2)
16/11/03 12:04:38 INFO TaskSchedulerImpl: Removed TaskSet 0.0, whose tasks have all completed, from pool 
16/11/03 12:04:38 INFO DAGScheduler: ResultStage 0 (reduce at CoordinateMatrix.scala:149) finished in 1.152 s
16/11/03 12:04:38 INFO DAGScheduler: Job 0 finished: reduce at CoordinateMatrix.scala:149, took 1.301242 s
Thu Nov 03 12:04:38 EDT 2016
findmeee svd run 1 start
Thu Nov 03 12:04:38 EDT 2016
16/11/03 12:04:38 INFO SparkContext: Starting job: treeAggregate at RowMatrix.scala:121
16/11/03 12:04:38 INFO DAGScheduler: Registering RDD 7 (map at CoordinateMatrix.scala:87)
16/11/03 12:04:38 INFO DAGScheduler: Got job 1 (treeAggregate at RowMatrix.scala:121) with 2 output partitions
16/11/03 12:04:38 INFO DAGScheduler: Final stage: ResultStage 2 (treeAggregate at RowMatrix.scala:121)
16/11/03 12:04:38 INFO DAGScheduler: Parents of final stage: List(ShuffleMapStage 1)
16/11/03 12:04:38 INFO DAGScheduler: Missing parents: List(ShuffleMapStage 1)
16/11/03 12:04:38 INFO DAGScheduler: Submitting ShuffleMapStage 1 (MapPartitionsRDD[7] at map at CoordinateMatrix.scala:87), which has no missing parents
16/11/03 12:04:38 INFO MemoryStore: Block broadcast_3 stored as values in memory (estimated size 5.5 KB, free 366.0 MB)
16/11/03 12:04:38 INFO MemoryStore: Block broadcast_3_piece0 stored as bytes in memory (estimated size 3.0 KB, free 366.0 MB)
16/11/03 12:04:38 INFO BlockManagerInfo: Added broadcast_3_piece0 in memory on 130.49.212.215:48321 (size: 3.0 KB, free: 366.3 MB)
16/11/03 12:04:39 INFO SparkContext: Created broadcast 3 from broadcast at DAGScheduler.scala:1012
16/11/03 12:04:39 INFO DAGScheduler: Submitting 2 missing tasks from ShuffleMapStage 1 (MapPartitionsRDD[7] at map at CoordinateMatrix.scala:87)
16/11/03 12:04:39 INFO TaskSchedulerImpl: Adding task set 1.0 with 2 tasks
16/11/03 12:04:39 INFO TaskSetManager: Starting task 0.0 in stage 1.0 (TID 2, localhost, partition 0, PROCESS_LOCAL, 5442 bytes)
16/11/03 12:04:39 INFO TaskSetManager: Starting task 1.0 in stage 1.0 (TID 3, localhost, partition 1, PROCESS_LOCAL, 5442 bytes)
16/11/03 12:04:39 INFO Executor: Running task 1.0 in stage 1.0 (TID 3)
16/11/03 12:04:39 INFO Executor: Running task 0.0 in stage 1.0 (TID 2)
16/11/03 12:04:39 INFO HadoopRDD: Input split: file:/home/raghav/Documents/scalableMLBigData/A2/small.csv:55005+55006
16/11/03 12:04:39 INFO HadoopRDD: Input split: file:/home/raghav/Documents/scalableMLBigData/A2/small.csv:0+55005
16/11/03 12:04:39 INFO Executor: Finished task 0.0 in stage 1.0 (TID 2). 1174 bytes result sent to driver
16/11/03 12:04:39 INFO Executor: Finished task 1.0 in stage 1.0 (TID 3). 1174 bytes result sent to driver
16/11/03 12:04:39 INFO TaskSetManager: Finished task 1.0 in stage 1.0 (TID 3) in 91 ms on localhost (1/2)
16/11/03 12:04:39 INFO TaskSetManager: Finished task 0.0 in stage 1.0 (TID 2) in 93 ms on localhost (2/2)
16/11/03 12:04:39 INFO TaskSchedulerImpl: Removed TaskSet 1.0, whose tasks have all completed, from pool 
16/11/03 12:04:39 INFO DAGScheduler: ShuffleMapStage 1 (map at CoordinateMatrix.scala:87) finished in 0.095 s
16/11/03 12:04:39 INFO DAGScheduler: looking for newly runnable stages
16/11/03 12:04:39 INFO DAGScheduler: running: Set()
16/11/03 12:04:39 INFO DAGScheduler: waiting: Set(ResultStage 2)
16/11/03 12:04:39 INFO DAGScheduler: failed: Set()
16/11/03 12:04:39 INFO DAGScheduler: Submitting ResultStage 2 (MapPartitionsRDD[12] at treeAggregate at RowMatrix.scala:121), which has no missing parents
16/11/03 12:04:39 INFO MemoryStore: Block broadcast_4 stored as values in memory (estimated size 10.0 KB, free 366.0 MB)
16/11/03 12:04:39 INFO MemoryStore: Block broadcast_4_piece0 stored as bytes in memory (estimated size 3.9 KB, free 366.0 MB)
16/11/03 12:04:39 INFO BlockManagerInfo: Added broadcast_4_piece0 in memory on 130.49.212.215:48321 (size: 3.9 KB, free: 366.3 MB)
16/11/03 12:04:39 INFO SparkContext: Created broadcast 4 from broadcast at DAGScheduler.scala:1012
16/11/03 12:04:39 INFO DAGScheduler: Submitting 2 missing tasks from ResultStage 2 (MapPartitionsRDD[12] at treeAggregate at RowMatrix.scala:121)
16/11/03 12:04:39 INFO TaskSchedulerImpl: Adding task set 2.0 with 2 tasks
16/11/03 12:04:39 INFO TaskSetManager: Starting task 0.0 in stage 2.0 (TID 4, localhost, partition 0, ANY, 5197 bytes)
16/11/03 12:04:39 INFO TaskSetManager: Starting task 1.0 in stage 2.0 (TID 5, localhost, partition 1, ANY, 5197 bytes)
16/11/03 12:04:39 INFO Executor: Running task 0.0 in stage 2.0 (TID 4)
16/11/03 12:04:39 INFO Executor: Running task 1.0 in stage 2.0 (TID 5)
16/11/03 12:04:39 INFO ShuffleBlockFetcherIterator: Getting 2 non-empty blocks out of 2 blocks
16/11/03 12:04:39 INFO ShuffleBlockFetcherIterator: Getting 2 non-empty blocks out of 2 blocks
16/11/03 12:04:39 INFO ShuffleBlockFetcherIterator: Started 0 remote fetches in 4 ms
16/11/03 12:04:39 INFO ShuffleBlockFetcherIterator: Started 0 remote fetches in 4 ms
16/11/03 12:04:39 INFO MemoryStore: Block rdd_9_0 stored as values in memory (estimated size 63.1 KB, free 365.9 MB)
16/11/03 12:04:39 INFO BlockManagerInfo: Added rdd_9_0 in memory on 130.49.212.215:48321 (size: 63.1 KB, free: 366.2 MB)
16/11/03 12:04:39 INFO MemoryStore: Block rdd_9_1 stored as values in memory (estimated size 62.7 KB, free 365.8 MB)
16/11/03 12:04:39 INFO BlockManagerInfo: Added rdd_9_1 in memory on 130.49.212.215:48321 (size: 62.7 KB, free: 366.1 MB)
16/11/03 12:04:39 INFO Executor: Finished task 1.0 in stage 2.0 (TID 5). 4740 bytes result sent to driver
16/11/03 12:04:39 INFO Executor: Finished task 0.0 in stage 2.0 (TID 4). 4653 bytes result sent to driver
16/11/03 12:04:39 INFO TaskSetManager: Finished task 1.0 in stage 2.0 (TID 5) in 204 ms on localhost (1/2)
16/11/03 12:04:39 INFO TaskSetManager: Finished task 0.0 in stage 2.0 (TID 4) in 206 ms on localhost (2/2)
16/11/03 12:04:39 INFO TaskSchedulerImpl: Removed TaskSet 2.0, whose tasks have all completed, from pool 
16/11/03 12:04:39 INFO DAGScheduler: ResultStage 2 (treeAggregate at RowMatrix.scala:121) finished in 0.207 s
16/11/03 12:04:39 WARN BLAS: Failed to load implementation from: com.github.fommil.netlib.NativeSystemBLAS
16/11/03 12:04:39 WARN BLAS: Failed to load implementation from: com.github.fommil.netlib.NativeRefBLAS
16/11/03 12:04:39 INFO DAGScheduler: Job 1 finished: treeAggregate at RowMatrix.scala:121, took 0.360832 s
16/11/03 12:04:40 INFO BlockManagerInfo: Removed broadcast_4_piece0 on 130.49.212.215:48321 in memory (size: 3.9 KB, free: 366.1 MB)
16/11/03 12:04:40 INFO BlockManagerInfo: Removed broadcast_3_piece0 on 130.49.212.215:48321 in memory (size: 3.0 KB, free: 366.1 MB)
16/11/03 12:04:40 WARN LAPACK: Failed to load implementation from: com.github.fommil.netlib.NativeSystemLAPACK
16/11/03 12:04:40 WARN LAPACK: Failed to load implementation from: com.github.fommil.netlib.NativeRefLAPACK
16/11/03 12:04:40 INFO MemoryStore: Block broadcast_5 stored as values in memory (estimated size 3.8 KB, free 365.9 MB)
16/11/03 12:04:40 INFO MemoryStore: Block broadcast_5_piece0 stored as bytes in memory (estimated size 3.8 KB, free 365.8 MB)
16/11/03 12:04:40 INFO BlockManagerInfo: Added broadcast_5_piece0 in memory on 130.49.212.215:48321 (size: 3.8 KB, free: 366.1 MB)
16/11/03 12:04:40 INFO SparkContext: Created broadcast 5 from broadcast at RowMatrix.scala:439
findmeee svd run 1 end
Thu Nov 03 12:04:40 EDT 2016
16/11/03 12:04:40 INFO MapPartitionsRDD: Removing RDD 9 from persistence list
16/11/03 12:04:40 INFO BlockManager: Removing RDD 9
Thu Nov 03 12:04:40 EDT 2016
16/11/03 12:04:40 INFO MemoryStore: Block broadcast_6 stored as values in memory (estimated size 3.2 KB, free 366.0 MB)
16/11/03 12:04:40 INFO MemoryStore: Block broadcast_6_piece0 stored as bytes in memory (estimated size 270.0 B, free 366.0 MB)
16/11/03 12:04:40 INFO BlockManagerInfo: Added broadcast_6_piece0 in memory on 130.49.212.215:48321 (size: 270.0 B, free: 366.3 MB)
16/11/03 12:04:40 INFO SparkContext: Created broadcast 6 from broadcast at RowMatrix.scala:439
16/11/03 12:04:40 INFO MemoryStore: Block broadcast_7 stored as values in memory (estimated size 3.8 KB, free 366.0 MB)
16/11/03 12:04:40 INFO MemoryStore: Block broadcast_7_piece0 stored as bytes in memory (estimated size 3.8 KB, free 366.0 MB)
16/11/03 12:04:40 INFO BlockManagerInfo: Added broadcast_7_piece0 in memory on 130.49.212.215:48321 (size: 3.8 KB, free: 366.3 MB)
16/11/03 12:04:40 INFO SparkContext: Created broadcast 7 from broadcast at RowMatrix.scala:439
16/11/03 12:04:40 INFO FileInputFormat: Total input paths to process : 1
16/11/03 12:04:40 INFO SparkContext: Starting job: collect at a2.scala:158
16/11/03 12:04:40 INFO DAGScheduler: Registering RDD 2 (mapPartitions at a2.scala:44)
16/11/03 12:04:40 INFO MapOutputTrackerMaster: Size of output statuses for shuffle 0 is 159 bytes
16/11/03 12:04:40 INFO DAGScheduler: Registering RDD 27 (mapPartitions at a2.scala:106)
16/11/03 12:04:40 INFO DAGScheduler: Got job 2 (collect at a2.scala:158) with 2 output partitions
16/11/03 12:04:40 INFO DAGScheduler: Final stage: ResultStage 6 (collect at a2.scala:158)
16/11/03 12:04:40 INFO DAGScheduler: Parents of final stage: List(ShuffleMapStage 5, ShuffleMapStage 3)
16/11/03 12:04:40 INFO DAGScheduler: Missing parents: List(ShuffleMapStage 5, ShuffleMapStage 3)
16/11/03 12:04:40 INFO DAGScheduler: Submitting ShuffleMapStage 3 (MapPartitionsRDD[2] at mapPartitions at a2.scala:44), which has no missing parents
16/11/03 12:04:40 INFO MemoryStore: Block broadcast_8 stored as values in memory (estimated size 4.2 KB, free 366.0 MB)
16/11/03 12:04:40 INFO MemoryStore: Block broadcast_8_piece0 stored as bytes in memory (estimated size 2.5 KB, free 366.0 MB)
16/11/03 12:04:40 INFO BlockManagerInfo: Added broadcast_8_piece0 in memory on 130.49.212.215:48321 (size: 2.5 KB, free: 366.3 MB)
16/11/03 12:04:40 INFO SparkContext: Created broadcast 8 from broadcast at DAGScheduler.scala:1012
16/11/03 12:04:40 INFO DAGScheduler: Submitting 2 missing tasks from ShuffleMapStage 3 (MapPartitionsRDD[2] at mapPartitions at a2.scala:44)
16/11/03 12:04:40 INFO TaskSchedulerImpl: Adding task set 3.0 with 2 tasks
16/11/03 12:04:40 INFO DAGScheduler: Submitting ShuffleMapStage 5 (MapPartitionsRDD[27] at mapPartitions at a2.scala:106), which has no missing parents
16/11/03 12:04:40 INFO TaskSetManager: Starting task 0.0 in stage 3.0 (TID 6, localhost, partition 0, PROCESS_LOCAL, 5444 bytes)
16/11/03 12:04:40 INFO TaskSetManager: Starting task 1.0 in stage 3.0 (TID 7, localhost, partition 1, PROCESS_LOCAL, 5444 bytes)
16/11/03 12:04:40 INFO Executor: Running task 0.0 in stage 3.0 (TID 6)
16/11/03 12:04:40 INFO Executor: Running task 1.0 in stage 3.0 (TID 7)
16/11/03 12:04:40 INFO MemoryStore: Block broadcast_9 stored as values in memory (estimated size 9.0 KB, free 365.9 MB)
16/11/03 12:04:40 INFO HadoopRDD: Input split: file:/home/raghav/Documents/scalableMLBigData/A2/small_missing.csv:225+226
16/11/03 12:04:40 INFO HadoopRDD: Input split: file:/home/raghav/Documents/scalableMLBigData/A2/small_missing.csv:0+225
16/11/03 12:04:40 INFO MemoryStore: Block broadcast_9_piece0 stored as bytes in memory (estimated size 4.3 KB, free 365.9 MB)
16/11/03 12:04:40 INFO BlockManagerInfo: Added broadcast_9_piece0 in memory on 130.49.212.215:48321 (size: 4.3 KB, free: 366.3 MB)
16/11/03 12:04:40 INFO SparkContext: Created broadcast 9 from broadcast at DAGScheduler.scala:1012
16/11/03 12:04:40 INFO DAGScheduler: Submitting 2 missing tasks from ShuffleMapStage 5 (MapPartitionsRDD[27] at mapPartitions at a2.scala:106)
16/11/03 12:04:40 INFO TaskSchedulerImpl: Adding task set 5.0 with 2 tasks
16/11/03 12:04:40 INFO MemoryStore: Block rdd_2_1 stored as values in memory (estimated size 3.2 KB, free 365.9 MB)
16/11/03 12:04:40 INFO BlockManagerInfo: Added rdd_2_1 in memory on 130.49.212.215:48321 (size: 3.2 KB, free: 366.2 MB)
16/11/03 12:04:40 INFO MemoryStore: Block rdd_2_0 stored as values in memory (estimated size 3.3 KB, free 365.9 MB)
16/11/03 12:04:40 INFO BlockManagerInfo: Added rdd_2_0 in memory on 130.49.212.215:48321 (size: 3.3 KB, free: 366.2 MB)
16/11/03 12:04:40 INFO TaskSetManager: Starting task 0.0 in stage 5.0 (TID 8, localhost, partition 0, ANY, 5555 bytes)
16/11/03 12:04:40 INFO TaskSetManager: Starting task 1.0 in stage 5.0 (TID 9, localhost, partition 1, ANY, 5555 bytes)
16/11/03 12:04:40 INFO Executor: Running task 1.0 in stage 5.0 (TID 9)
16/11/03 12:04:40 INFO Executor: Running task 0.0 in stage 5.0 (TID 8)
16/11/03 12:04:40 INFO Executor: Finished task 1.0 in stage 3.0 (TID 7). 1859 bytes result sent to driver
16/11/03 12:04:40 INFO Executor: Finished task 0.0 in stage 3.0 (TID 6). 1859 bytes result sent to driver
16/11/03 12:04:40 INFO ShuffleBlockFetcherIterator: Getting 2 non-empty blocks out of 2 blocks
16/11/03 12:04:40 INFO ShuffleBlockFetcherIterator: Started 0 remote fetches in 0 ms
16/11/03 12:04:40 INFO ShuffleBlockFetcherIterator: Getting 2 non-empty blocks out of 2 blocks
16/11/03 12:04:40 INFO ShuffleBlockFetcherIterator: Started 0 remote fetches in 0 ms
16/11/03 12:04:40 INFO TaskSetManager: Finished task 1.0 in stage 3.0 (TID 7) in 22 ms on localhost (1/2)
16/11/03 12:04:40 INFO TaskSetManager: Finished task 0.0 in stage 3.0 (TID 6) in 26 ms on localhost (2/2)
16/11/03 12:04:40 INFO TaskSchedulerImpl: Removed TaskSet 3.0, whose tasks have all completed, from pool 
16/11/03 12:04:40 INFO DAGScheduler: ShuffleMapStage 3 (mapPartitions at a2.scala:44) finished in 0.026 s
16/11/03 12:04:40 INFO DAGScheduler: looking for newly runnable stages
16/11/03 12:04:40 INFO DAGScheduler: running: Set(ShuffleMapStage 5)
16/11/03 12:04:40 INFO DAGScheduler: waiting: Set(ResultStage 6)
16/11/03 12:04:40 INFO DAGScheduler: failed: Set()
16/11/03 12:04:40 INFO ShuffleBlockFetcherIterator: Getting 2 non-empty blocks out of 2 blocks
16/11/03 12:04:40 INFO ShuffleBlockFetcherIterator: Started 0 remote fetches in 0 ms
16/11/03 12:04:40 INFO ShuffleBlockFetcherIterator: Getting 2 non-empty blocks out of 2 blocks
16/11/03 12:04:40 INFO ShuffleBlockFetcherIterator: Started 0 remote fetches in 0 ms
16/11/03 12:04:40 INFO ShuffleBlockFetcherIterator: Getting 2 non-empty blocks out of 2 blocks
16/11/03 12:04:40 INFO ShuffleBlockFetcherIterator: Started 0 remote fetches in 0 ms
16/11/03 12:04:40 INFO ShuffleBlockFetcherIterator: Getting 2 non-empty blocks out of 2 blocks
16/11/03 12:04:40 INFO ShuffleBlockFetcherIterator: Started 0 remote fetches in 0 ms
16/11/03 12:04:40 INFO ShuffleBlockFetcherIterator: Getting 2 non-empty blocks out of 2 blocks
16/11/03 12:04:40 INFO ShuffleBlockFetcherIterator: Started 0 remote fetches in 1 ms
16/11/03 12:04:40 INFO ShuffleBlockFetcherIterator: Getting 2 non-empty blocks out of 2 blocks
16/11/03 12:04:40 INFO ShuffleBlockFetcherIterator: Started 0 remote fetches in 1 ms
16/11/03 12:04:40 INFO ShuffleBlockFetcherIterator: Getting 2 non-empty blocks out of 2 blocks
16/11/03 12:04:40 INFO ShuffleBlockFetcherIterator: Started 0 remote fetches in 1 ms
16/11/03 12:04:40 INFO ShuffleBlockFetcherIterator: Getting 2 non-empty blocks out of 2 blocks
16/11/03 12:04:40 INFO ShuffleBlockFetcherIterator: Started 0 remote fetches in 0 ms
16/11/03 12:04:40 INFO ShuffleBlockFetcherIterator: Getting 2 non-empty blocks out of 2 blocks
16/11/03 12:04:40 INFO ShuffleBlockFetcherIterator: Started 0 remote fetches in 1 ms
16/11/03 12:04:40 INFO ShuffleBlockFetcherIterator: Getting 2 non-empty blocks out of 2 blocks
16/11/03 12:04:40 INFO ShuffleBlockFetcherIterator: Started 0 remote fetches in 0 ms
16/11/03 12:04:40 INFO ShuffleBlockFetcherIterator: Getting 2 non-empty blocks out of 2 blocks
16/11/03 12:04:40 INFO ShuffleBlockFetcherIterator: Started 0 remote fetches in 1 ms
16/11/03 12:04:40 INFO ShuffleBlockFetcherIterator: Getting 2 non-empty blocks out of 2 blocks
16/11/03 12:04:40 INFO ShuffleBlockFetcherIterator: Started 0 remote fetches in 0 ms
16/11/03 12:04:40 INFO ShuffleBlockFetcherIterator: Getting 2 non-empty blocks out of 2 blocks
16/11/03 12:04:40 INFO ShuffleBlockFetcherIterator: Started 0 remote fetches in 0 ms
16/11/03 12:04:40 INFO ShuffleBlockFetcherIterator: Getting 2 non-empty blocks out of 2 blocks
16/11/03 12:04:40 INFO ShuffleBlockFetcherIterator: Started 0 remote fetches in 0 ms
16/11/03 12:04:41 INFO BlockManagerInfo: Removed broadcast_8_piece0 on 130.49.212.215:48321 in memory (size: 2.5 KB, free: 366.2 MB)
16/11/03 12:04:41 INFO MemoryStore: Block rdd_27_0 stored as values in memory (estimated size 539.3 KB, free 365.4 MB)
16/11/03 12:04:41 INFO BlockManagerInfo: Added rdd_27_0 in memory on 130.49.212.215:48321 (size: 539.3 KB, free: 365.7 MB)
16/11/03 12:04:41 INFO Executor: Finished task 0.0 in stage 5.0 (TID 8). 2569 bytes result sent to driver
16/11/03 12:04:41 INFO TaskSetManager: Finished task 0.0 in stage 5.0 (TID 8) in 397 ms on localhost (1/2)
16/11/03 12:04:41 INFO MemoryStore: Block rdd_27_1 stored as values in memory (estimated size 539.3 KB, free 364.9 MB)
16/11/03 12:04:41 INFO BlockManagerInfo: Added rdd_27_1 in memory on 130.49.212.215:48321 (size: 539.3 KB, free: 365.2 MB)
16/11/03 12:04:41 INFO Executor: Finished task 1.0 in stage 5.0 (TID 9). 2569 bytes result sent to driver
16/11/03 12:04:41 INFO TaskSetManager: Finished task 1.0 in stage 5.0 (TID 9) in 689 ms on localhost (2/2)
16/11/03 12:04:41 INFO TaskSchedulerImpl: Removed TaskSet 5.0, whose tasks have all completed, from pool 
16/11/03 12:04:41 INFO DAGScheduler: ShuffleMapStage 5 (mapPartitions at a2.scala:106) finished in 0.694 s
16/11/03 12:04:41 INFO DAGScheduler: looking for newly runnable stages
16/11/03 12:04:41 INFO DAGScheduler: running: Set()
16/11/03 12:04:41 INFO DAGScheduler: waiting: Set(ResultStage 6)
16/11/03 12:04:41 INFO DAGScheduler: failed: Set()
16/11/03 12:04:41 INFO DAGScheduler: Submitting ResultStage 6 (MapPartitionsRDD[30] at join at a2.scala:115), which has no missing parents
16/11/03 12:04:41 INFO MemoryStore: Block broadcast_10 stored as values in memory (estimated size 3.6 KB, free 364.9 MB)
16/11/03 12:04:41 INFO MemoryStore: Block broadcast_10_piece0 stored as bytes in memory (estimated size 2.0 KB, free 364.9 MB)
16/11/03 12:04:41 INFO BlockManagerInfo: Added broadcast_10_piece0 in memory on 130.49.212.215:48321 (size: 2.0 KB, free: 365.2 MB)
16/11/03 12:04:41 INFO SparkContext: Created broadcast 10 from broadcast at DAGScheduler.scala:1012
16/11/03 12:04:41 INFO DAGScheduler: Submitting 2 missing tasks from ResultStage 6 (MapPartitionsRDD[30] at join at a2.scala:115)
16/11/03 12:04:41 INFO TaskSchedulerImpl: Adding task set 6.0 with 2 tasks
16/11/03 12:04:41 INFO TaskSetManager: Starting task 0.0 in stage 6.0 (TID 10, localhost, partition 0, PROCESS_LOCAL, 5254 bytes)
16/11/03 12:04:41 INFO TaskSetManager: Starting task 1.0 in stage 6.0 (TID 11, localhost, partition 1, PROCESS_LOCAL, 5254 bytes)
16/11/03 12:04:41 INFO Executor: Running task 0.0 in stage 6.0 (TID 10)
16/11/03 12:04:41 INFO Executor: Running task 1.0 in stage 6.0 (TID 11)
16/11/03 12:04:41 INFO ShuffleBlockFetcherIterator: Getting 2 non-empty blocks out of 2 blocks
16/11/03 12:04:41 INFO ShuffleBlockFetcherIterator: Getting 2 non-empty blocks out of 2 blocks
16/11/03 12:04:41 INFO ShuffleBlockFetcherIterator: Started 0 remote fetches in 0 ms
16/11/03 12:04:41 INFO ShuffleBlockFetcherIterator: Started 0 remote fetches in 0 ms
16/11/03 12:04:41 INFO ShuffleBlockFetcherIterator: Getting 2 non-empty blocks out of 2 blocks
16/11/03 12:04:41 INFO ShuffleBlockFetcherIterator: Getting 2 non-empty blocks out of 2 blocks
16/11/03 12:04:41 INFO ShuffleBlockFetcherIterator: Started 0 remote fetches in 0 ms
16/11/03 12:04:41 INFO ShuffleBlockFetcherIterator: Started 0 remote fetches in 0 ms
16/11/03 12:04:41 INFO Executor: Finished task 0.0 in stage 6.0 (TID 10). 3047 bytes result sent to driver
16/11/03 12:04:41 INFO TaskSetManager: Finished task 0.0 in stage 6.0 (TID 10) in 72 ms on localhost (1/2)
16/11/03 12:04:41 INFO Executor: Finished task 1.0 in stage 6.0 (TID 11). 3047 bytes result sent to driver
16/11/03 12:04:41 INFO TaskSetManager: Finished task 1.0 in stage 6.0 (TID 11) in 79 ms on localhost (2/2)
16/11/03 12:04:41 INFO TaskSchedulerImpl: Removed TaskSet 6.0, whose tasks have all completed, from pool 
16/11/03 12:04:41 INFO DAGScheduler: ResultStage 6 (collect at a2.scala:158) finished in 0.082 s
16/11/03 12:04:41 INFO DAGScheduler: Job 2 finished: collect at a2.scala:158, took 0.802199 s
16/11/03 12:04:41 INFO MapPartitionsRDD: Removing RDD 2 from persistence list
16/11/03 12:04:41 INFO BlockManager: Removing RDD 2
16/11/03 12:04:41 INFO MapPartitionsRDD: Removing RDD 30 from persistence list
16/11/03 12:04:41 INFO BlockManager: Removing RDD 30
findmeee end code
16/11/03 12:04:41 INFO SparkContext: Invoking stop() from shutdown hook
16/11/03 12:04:41 INFO SparkUI: Stopped Spark web UI at http://130.49.212.215:4047
16/11/03 12:04:41 INFO MapOutputTrackerMasterEndpoint: MapOutputTrackerMasterEndpoint stopped!
16/11/03 12:04:41 INFO MemoryStore: MemoryStore cleared
16/11/03 12:04:41 INFO BlockManager: BlockManager stopped
16/11/03 12:04:41 INFO BlockManagerMaster: BlockManagerMaster stopped
16/11/03 12:04:41 INFO OutputCommitCoordinator$OutputCommitCoordinatorEndpoint: OutputCommitCoordinator stopped!
16/11/03 12:04:41 INFO SparkContext: Successfully stopped SparkContext
16/11/03 12:04:41 INFO ShutdownHookManager: Shutdown hook called
16/11/03 12:04:41 INFO ShutdownHookManager: Deleting directory /tmp/spark-4c93764d-b950-4e6d-ab19-85d84ab9d4cf
