Time 40.38  Goodness 24.2501
Time 62.22  Goodness 24.3107
Time 485.15  Goodness 0.4707

The output of compiling and running your code:

16/11/03 20:57:49 WARN NativeCodeLoader: Unable to load native-hadoop library for your platform... using builtin-java classes where applicable
16/11/03 20:57:49 WARN SparkConf: In Spark 1.0 and later spark.local.dir will be overridden by the value set by the cluster manager (via SPARK_LOCAL_DIRS in mesos/standalone and LOCAL_DIRS in YARN).
findmeee start code
findmeee filename hdfs://noc-n063.csb.pitt.edu:9000/small.csv
findmeee convert to coordinate matrix
findmeeeThu Nov 03 20:57:52 EDT 2016
findmeeeThu Nov 03 20:57:52 EDT 2016
findmeee convert to indexed row matrix
findmeeeThu Nov 03 20:57:52 EDT 2016

[Stage 0:>                                                          (0 + 0) / 2]
[Stage 0:>                                                          (0 + 2) / 2]

findmeeeThu Nov 03 20:57:58 EDT 2016
findmeee svd run 1 start
findmeeeThu Nov 03 20:57:58 EDT 2016
findmeee ksvd 24
findmeee numIterations 10

[Stage 1:>                                                          (0 + 0) / 2]
[Stage 1:>                                                          (0 + 2) / 2]
[Stage 1:=============================>                             (1 + 1) / 2]
[Stage 2:>                                                          (0 + 2) / 2]
[Stage 2:=============================>                             (1 + 1) / 2]16/11/03 20:58:04 WARN BLAS: Failed to load implementation from: com.github.fommil.netlib.NativeSystemBLAS
16/11/03 20:58:04 WARN BLAS: Failed to load implementation from: com.github.fommil.netlib.NativeRefBLAS


16/11/03 20:58:05 WARN LAPACK: Failed to load implementation from: com.github.fommil.netlib.NativeSystemLAPACK
16/11/03 20:58:05 WARN LAPACK: Failed to load implementation from: com.github.fommil.netlib.NativeRefLAPACK
findmeee svd run 1 end
findmeeeThu Nov 03 20:58:05 EDT 2016
findmeee0
findmeeeThu Nov 03 20:58:05 EDT 2016

[Stage 4:>                                                          (0 + 2) / 2]
[Stage 4:=============================>                             (1 + 1) / 2]
[Stage 6:=============================>                             (1 + 1) / 2]

findmeee lsqerr1.4973168250810368E-25

[Stage 14:=============================>                            (1 + 1) / 2]

findmeee Final Missing start
findmeeeThu Nov 03 20:58:18 EDT 2016

[Stage 18:>                                                         (0 + 2) / 2]
[Stage 18:=============================>                            (1 + 1) / 2]

findmeee Final Missing end
findmeeeThu Nov 03 20:58:22 EDT 2016
findmeee outputting
findmeeeThu Nov 03 20:58:22 EDT 2016

[Stage 19:=========>        (1 + 1) / 2][Stage 23:>                 (0 + 2) / 2]
[Stage 23:>                                                         (0 + 2) / 2]
[Stage 23:=============================>                            (1 + 1) / 2]
[Stage 24:>                                                         (0 + 2) / 2]

findmeee end code



16/11/03 20:58:27 WARN Dispatcher: Message RemoteProcessDisconnected(10.206.0.54:37520) dropped. RpcEnv already stopped.
16/11/03 20:58:27 WARN Dispatcher: Message RemoteProcessDisconnected(10.206.0.54:37520) dropped. RpcEnv already stopped.
16/11/03 20:58:29 WARN NativeCodeLoader: Unable to load native-hadoop library for your platform... using builtin-java classes where applicable
16/11/03 20:58:30 WARN SparkConf: In Spark 1.0 and later spark.local.dir will be overridden by the value set by the cluster manager (via SPARK_LOCAL_DIRS in mesos/standalone and LOCAL_DIRS in YARN).
findmeee start code
findmeee filename hdfs://noc-n063.csb.pitt.edu:9000/medium.csv
findmeee convert to coordinate matrix
findmeeeThu Nov 03 20:58:33 EDT 2016
findmeeeThu Nov 03 20:58:33 EDT 2016
findmeee convert to indexed row matrix
findmeeeThu Nov 03 20:58:33 EDT 2016

[Stage 0:>                                                         (0 + 0) / 31]
[Stage 0:>                                                        (0 + 31) / 31]
[Stage 0:=>                                                       (1 + 30) / 31]
[Stage 0:============>                                            (7 + 24) / 31]
[Stage 0:==================================>                     (19 + 12) / 31]

findmeeeThu Nov 03 20:58:40 EDT 2016
findmeee svd run 1 start
findmeeeThu Nov 03 20:58:40 EDT 2016
findmeee ksvd 159
findmeee numIterations 6

[Stage 1:=>                                                       (1 + 30) / 31]
[Stage 1:==============>                                          (8 + 23) / 31]
[Stage 1:================>                                        (9 + 22) / 31]
[Stage 1:=======================>                                (13 + 18) / 31]
[Stage 1:==============================>                         (17 + 14) / 31]
[Stage 1:====================================>                   (20 + 11) / 31]
[Stage 1:=====================================>                  (21 + 10) / 31]
[Stage 1:========================================>                (22 + 9) / 31]
[Stage 1:============================================>            (24 + 7) / 31]
[Stage 1:=================================================>       (27 + 4) / 31]
[Stage 1:=====================================================>   (29 + 2) / 31]
[Stage 2:>                                                        (0 + 31) / 31]
[Stage 2:=======>                                                 (4 + 27) / 31]
[Stage 2:=======================>                                (13 + 18) / 31]
[Stage 2:================================>                       (18 + 13) / 31]
[Stage 2:=====================================>                  (21 + 10) / 31]
[Stage 2:========================================>                (22 + 9) / 31]
[Stage 2:==========================================>              (23 + 8) / 31]
[Stage 2:============================================>            (24 + 7) / 31]
[Stage 2:=============================================>           (25 + 6) / 31]
[Stage 2:===============================================>         (26 + 5) / 31]16/11/03 20:58:51 WARN BLAS: Failed to load implementation from: com.github.fommil.netlib.NativeSystemBLAS
16/11/03 20:58:51 WARN BLAS: Failed to load implementation from: com.github.fommil.netlib.NativeRefBLAS


16/11/03 20:58:52 WARN LAPACK: Failed to load implementation from: com.github.fommil.netlib.NativeSystemLAPACK
16/11/03 20:58:52 WARN LAPACK: Failed to load implementation from: com.github.fommil.netlib.NativeRefLAPACK
findmeee svd run 1 end
findmeeeThu Nov 03 20:58:52 EDT 2016
findmeee0
findmeeeThu Nov 03 20:58:53 EDT 2016

[Stage 5:>                (0 + 31) / 31][Stage 6:>                (0 + 31) / 31]
[Stage 5:>                (0 + 31) / 31][Stage 6:====>            (9 + 22) / 31]
[Stage 5:>                (0 + 31) / 31][Stage 6:=========>      (18 + 13) / 31]
[Stage 5:>                (0 + 31) / 31][Stage 6:=============>   (25 + 6) / 31]
[Stage 5:>                (0 + 31) / 31][Stage 6:===============> (28 + 3) / 31]
[Stage 5:>                (0 + 31) / 31][Stage 6:===============> (29 + 2) / 31]
[Stage 5:>                (0 + 31) / 31][Stage 6:================>(30 + 1) / 31]
[Stage 5:>                                                        (0 + 31) / 31]
[Stage 5:===========>                                             (6 + 25) / 31]
[Stage 5:================>                                        (9 + 22) / 31]
[Stage 5:===========================>                            (15 + 16) / 31]
[Stage 5:==================================>                     (19 + 12) / 31]
[Stage 5:=====================================>                  (21 + 10) / 31]
[Stage 5:==========================================>              (23 + 8) / 31]
[Stage 5:============================================>            (24 + 7) / 31]
[Stage 5:===============================================>         (26 + 5) / 31]
[Stage 5:=================================================>       (27 + 4) / 31]
[Stage 5:===================================================>     (28 + 3) / 31]
[Stage 5:=====================================================>   (29 + 2) / 31]
[Stage 5:=======================================================> (30 + 1) / 31]
[Stage 7:================================>                       (18 + 13) / 31]
[Stage 7:=================================================>       (27 + 4) / 31]
[Stage 7:===================================================>     (28 + 3) / 31]
[Stage 7:=====================================================>   (29 + 2) / 31]

findmeee lsqerr2791025.652109

[Stage 15:=======================================>                (22 + 9) / 31]
[Stage 15:==============================================>         (26 + 5) / 31]
[Stage 15:======================================================> (30 + 1) / 31]

findmeee1
findmeeeThu Nov 03 20:59:04 EDT 2016

[Stage 20:>               (0 + 31) / 31][Stage 21:==========>    (21 + 10) / 31]
[Stage 20:>               (0 + 31) / 31][Stage 21:===============>(30 + 1) / 31]
[Stage 20:>                                                       (0 + 31) / 31]
[Stage 20:========================>                              (14 + 17) / 31]
[Stage 20:==============================>                        (17 + 14) / 31]
[Stage 20:=======================================>                (22 + 9) / 31]
[Stage 20:================================================>       (27 + 4) / 31]
[Stage 20:==================================================>     (28 + 3) / 31]
[Stage 20:====================================================>   (29 + 2) / 31]

findmeee lsqerr6.986720598786045E-23
findmeee Final Missing start
findmeeeThu Nov 03 20:59:09 EDT 2016

[Stage 41:>                                                       (0 + 31) / 31]
[Stage 41:=========>                                              (5 + 26) / 31]
[Stage 41:==============================>                        (17 + 14) / 31]
[Stage 41:=======================================>                (22 + 9) / 31]
[Stage 41:====================================================>   (29 + 2) / 31]

findmeee Final Missing end
findmeeeThu Nov 03 20:59:12 EDT 2016
findmeee outputting
findmeeeThu Nov 03 20:59:12 EDT 2016

[Stage 48:>                                                       (0 + 31) / 31]
[Stage 48:=========>                                              (5 + 26) / 31]
[Stage 48:=================>                                     (10 + 21) / 31]
[Stage 48:==============================>                        (17 + 14) / 31]
[Stage 48:===========================================>            (24 + 7) / 31]
[Stage 48:==============================================>         (26 + 5) / 31]
[Stage 48:================================================>       (27 + 4) / 31]
[Stage 48:==================================================>     (28 + 3) / 31]
[Stage 48:====================================================>   (29 + 2) / 31]
[Stage 49:>                                                        (0 + 0) / 31]
[Stage 49:>                                                       (0 + 31) / 31]
[Stage 49:==========>                                             (6 + 25) / 31]
[Stage 49:=================================>                     (19 + 12) / 31]
[Stage 49:=====================================>                 (21 + 10) / 31]
[Stage 49:=======================================>                (22 + 9) / 31]
[Stage 49:=============================================>          (25 + 6) / 31]
[Stage 49:================================================>       (27 + 4) / 31]

findmeee end code



16/11/03 20:59:32 WARN NativeCodeLoader: Unable to load native-hadoop library for your platform... using builtin-java classes where applicable
16/11/03 20:59:32 WARN SparkConf: In Spark 1.0 and later spark.local.dir will be overridden by the value set by the cluster manager (via SPARK_LOCAL_DIRS in mesos/standalone and LOCAL_DIRS in YARN).
findmeee start code
findmeee filename hdfs://noc-n063.csb.pitt.edu:9000/large.csv
findmeee convert to coordinate matrix
findmeeeThu Nov 03 20:59:36 EDT 2016
findmeeeThu Nov 03 20:59:36 EDT 2016
findmeee convert to indexed row matrix
findmeeeThu Nov 03 20:59:36 EDT 2016

[Stage 0:>                                                        (0 + 0) / 343]
[Stage 0:>                                                      (0 + 100) / 343]
[Stage 0:>                                                      (0 + 108) / 343]
[Stage 0:>                                                      (0 + 116) / 343]
[Stage 0:=>                                                    (12 + 108) / 343]
[Stage 0:==>                                                   (16 + 108) / 343]
[Stage 0:======>                                               (43 + 111) / 343]
[Stage 0:============>                                         (77 + 108) / 343]
[Stage 0:===============>                                      (97 + 108) / 343]
[Stage 0:====================>                                (132 + 108) / 343]
[Stage 0:===========================>                         (176 + 108) / 343]
[Stage 0:===============================>                     (204 + 109) / 343]
[Stage 0:=====================================>               (240 + 103) / 343]
[Stage 0:==========================================>           (268 + 75) / 343]
[Stage 0:=============================================>        (292 + 51) / 343]
[Stage 0:================================================>     (308 + 35) / 343]
[Stage 0:=================================================>    (317 + 26) / 343]
[Stage 0:==================================================>   (321 + 22) / 343]
[Stage 0:==================================================>   (323 + 20) / 343]
[Stage 0:===================================================>  (327 + 16) / 343]
[Stage 0:====================================================> (331 + 12) / 343]
[Stage 0:=====================================================> (335 + 8) / 343]
[Stage 0:======================================================>(339 + 4) / 343]

findmeeeThu Nov 03 20:59:51 EDT 2016
findmeee svd run 1 start
findmeeeThu Nov 03 20:59:51 EDT 2016
findmeee ksvd 25
findmeee numIterations 3
16/11/03 20:59:51 WARN RowMatrix: The input data is not directly cached, which may hurt performance if its parent RDDs are also uncached.
16/11/03 20:59:51 WARN ARPACK: Failed to load implementation from: com.github.fommil.netlib.NativeSystemARPACK
16/11/03 20:59:51 WARN ARPACK: Failed to load implementation from: com.github.fommil.netlib.NativeRefARPACK

[Stage 1:>                                                      (0 + 108) / 343]
[Stage 1:==>                                                   (17 + 110) / 343]
[Stage 1:======>                                               (39 + 108) / 343]
[Stage 1:========>                                             (53 + 109) / 343]
[Stage 1:==========>                                           (67 + 108) / 343]
[Stage 1:==============>                                       (91 + 108) / 343]
[Stage 1:================>                                    (107 + 109) / 343]
[Stage 1:=====================>                               (136 + 108) / 343]
[Stage 1:========================>                            (157 + 108) / 343]
[Stage 1:============================>                        (183 + 108) / 343]
[Stage 1:=============================>                       (194 + 108) / 343]
[Stage 1:==================================>                  (223 + 108) / 343]
[Stage 1:============================================>         (280 + 63) / 343]
[Stage 1:===============================================>      (304 + 39) / 343]
[Stage 1:=================================================>    (314 + 29) / 343]
[Stage 1:==================================================>   (319 + 24) / 343]
[Stage 1:===================================================>  (329 + 14) / 343]
[Stage 1:======================================================>(337 + 6) / 343]
[Stage 1:======================================================>(339 + 4) / 343]
[Stage 2:>                                                        (0 + 0) / 343]
[Stage 2:>                                                      (0 + 108) / 343]
[Stage 2:==>                                                   (14 + 109) / 343]
[Stage 2:=====>                                                (38 + 109) / 343]
[Stage 2:===========>                                          (71 + 108) / 343]
[Stage 2:===========>                                          (72 + 108) / 343]
[Stage 2:===========>                                          (73 + 108) / 343]
[Stage 2:==============>                                       (89 + 109) / 343]
[Stage 2:==================>                                  (117 + 108) / 343]
[Stage 2:=====================>                               (138 + 108) / 343]
[Stage 2:=========================>                           (162 + 108) / 343]
[Stage 2:============================>                        (185 + 108) / 343]
[Stage 2:=================================>                   (216 + 108) / 343]
[Stage 2:===================================>                 (231 + 108) / 343]
[Stage 2:=========================================>            (262 + 81) / 343]
[Stage 2:================================================>     (305 + 38) / 343]
[Stage 2:==================================================>   (319 + 24) / 343]
[Stage 2:===================================================>  (324 + 19) / 343]
[Stage 2:=====================================================> (335 + 8) / 343]
[Stage 2:======================================================>(338 + 5) / 343]16/11/03 21:00:06 WARN BLAS: Failed to load implementation from: com.github.fommil.netlib.NativeSystemBLAS
16/11/03 21:00:06 WARN BLAS: Failed to load implementation from: com.github.fommil.netlib.NativeRefBLAS



[Stage 5:======================================>               (245 + 96) / 343]


[Stage 8:======================================================>(338 + 4) / 343]


[Stage 14:>                                                     (5 + 108) / 343]
[Stage 14:=================>                                  (114 + 103) / 343]
[Stage 14:==============================>                      (198 + 78) / 343]


[Stage 29:>                                                     (0 + 108) / 343]
[Stage 29:=============>                                       (90 + 116) / 343]
[Stage 29:======================================>              (249 + 65) / 343]


[Stage 47:=========================>                          (167 + 130) / 343]
[Stage 47:================================================>    (316 + 27) / 343]


[Stage 71:===>                                                 (23 + 108) / 343]
[Stage 71:====================>                                (131 + 90) / 343]


[Stage 92:=====================================================>(337 + 4) / 343]


[Stage 122:=================================================>  (327 + 12) / 343]


[Stage 140:====================================================>(338 + 4) / 343]


[Stage 155:====================================================>(339 + 4) / 343]

16/11/03 21:00:50 WARN RowMatrix: The input data was not directly cached, which may hurt performance if its parent RDDs are also uncached.
findmeee svd run 1 end
findmeeeThu Nov 03 21:00:50 EDT 2016
findmeee0
findmeeeThu Nov 03 21:00:50 EDT 2016

[Stage 230:>            (0 + 108) / 343][Stage 231:>              (0 + 0) / 343]
[Stage 230:>            (3 + 108) / 343][Stage 231:>              (0 + 0) / 343]
[Stage 230:>            (6 + 108) / 343][Stage 231:>              (0 + 0) / 343]
[Stage 230:>            (9 + 108) / 343][Stage 231:>              (0 + 0) / 343]
[Stage 230:>           (13 + 108) / 343][Stage 231:>              (0 + 0) / 343]
[Stage 230:>           (22 + 108) / 343][Stage 231:>              (0 + 0) / 343]
[Stage 230:>           (27 + 108) / 343][Stage 231:>              (0 + 0) / 343]
[Stage 230:=>          (34 + 108) / 343][Stage 231:>              (0 + 0) / 343]
[Stage 230:=>          (41 + 108) / 343][Stage 231:>              (0 + 0) / 343]
[Stage 230:=>          (43 + 108) / 343][Stage 231:>              (0 + 0) / 343]
[Stage 230:=>          (48 + 108) / 343][Stage 231:>              (0 + 0) / 343]
[Stage 230:=>          (54 + 108) / 343][Stage 231:>              (0 + 0) / 343]
[Stage 230:==>         (63 + 108) / 343][Stage 231:>              (0 + 0) / 343]
[Stage 230:==>         (66 + 108) / 343][Stage 231:>              (0 + 0) / 343]
[Stage 230:==>         (68 + 108) / 343][Stage 231:>              (0 + 0) / 343]
[Stage 230:==>         (69 + 108) / 343][Stage 231:>              (0 + 0) / 343]
[Stage 230:==>         (70 + 108) / 343][Stage 231:>              (0 + 0) / 343]
[Stage 230:==>         (71 + 108) / 343][Stage 231:>              (0 + 0) / 343]
[Stage 230:==>         (75 + 108) / 343][Stage 231:>              (0 + 0) / 343]
[Stage 230:==>         (78 + 108) / 343][Stage 231:>              (0 + 0) / 343]
[Stage 230:==>         (80 + 109) / 343][Stage 231:>              (0 + 0) / 343]
[Stage 230:==>         (84 + 108) / 343][Stage 231:>              (0 + 0) / 343]
[Stage 230:==>         (85 + 108) / 343][Stage 231:>              (0 + 0) / 343]
[Stage 230:===>        (89 + 108) / 343][Stage 231:>              (0 + 0) / 343]
[Stage 230:===>        (90 + 108) / 343][Stage 231:>              (0 + 0) / 343]
[Stage 230:===>        (94 + 108) / 343][Stage 231:>              (0 + 0) / 343]
[Stage 230:===>        (96 + 108) / 343][Stage 231:>              (0 + 0) / 343]
[Stage 230:===>        (99 + 108) / 343][Stage 231:>              (0 + 0) / 343]
[Stage 230:===>       (104 + 108) / 343][Stage 231:>              (0 + 0) / 343]
[Stage 230:===>       (105 + 108) / 343][Stage 231:>              (0 + 0) / 343]
[Stage 230:===>       (106 + 108) / 343][Stage 231:>              (0 + 0) / 343]
[Stage 230:===>       (108 + 108) / 343][Stage 231:>              (0 + 0) / 343]
[Stage 230:===>       (109 + 108) / 343][Stage 231:>              (0 + 0) / 343]
[Stage 230:===>       (110 + 108) / 343][Stage 231:>              (0 + 0) / 343]
[Stage 230:===>       (113 + 108) / 343][Stage 231:>              (0 + 0) / 343]
[Stage 230:===>       (115 + 108) / 343][Stage 231:>              (0 + 0) / 343]
[Stage 230:===>       (122 + 108) / 343][Stage 231:>              (0 + 0) / 343]
[Stage 230:====>      (125 + 108) / 343][Stage 231:>              (0 + 0) / 343]
[Stage 230:====>      (128 + 108) / 343][Stage 231:>              (0 + 0) / 343]
[Stage 230:====>      (129 + 108) / 343][Stage 231:>              (0 + 0) / 343]
[Stage 230:====>      (132 + 108) / 343][Stage 231:>              (0 + 0) / 343]
[Stage 230:====>      (140 + 108) / 343][Stage 231:>              (0 + 0) / 343]
[Stage 230:====>      (141 + 108) / 343][Stage 231:>              (0 + 0) / 343]
[Stage 230:====>      (142 + 108) / 343][Stage 231:>              (0 + 0) / 343]
[Stage 230:====>      (146 + 108) / 343][Stage 231:>              (0 + 0) / 343]
[Stage 230:====>      (147 + 108) / 343][Stage 231:>              (0 + 0) / 343]
[Stage 230:====>      (153 + 108) / 343][Stage 231:>              (0 + 0) / 343]
[Stage 230:====>      (154 + 108) / 343][Stage 231:>              (0 + 0) / 343]
[Stage 230:=====>     (156 + 108) / 343][Stage 231:>              (0 + 0) / 343]
[Stage 230:=====>     (160 + 108) / 343][Stage 231:>              (0 + 0) / 343]
[Stage 230:=====>     (161 + 108) / 343][Stage 231:>              (0 + 0) / 343]
[Stage 230:=====>     (165 + 108) / 343][Stage 231:>              (0 + 0) / 343]
[Stage 230:=====>     (167 + 108) / 343][Stage 231:>              (0 + 0) / 343]
[Stage 230:=====>     (169 + 108) / 343][Stage 231:>              (0 + 0) / 343]
[Stage 230:=====>     (170 + 108) / 343][Stage 231:>              (0 + 0) / 343]
[Stage 230:=====>     (173 + 108) / 343][Stage 231:>              (0 + 0) / 343]
[Stage 230:=====>     (174 + 108) / 343][Stage 231:>              (0 + 0) / 343]
[Stage 230:=====>     (175 + 108) / 343][Stage 231:>              (0 + 0) / 343]
[Stage 230:=====>     (178 + 108) / 343][Stage 231:>              (0 + 0) / 343]
[Stage 230:=====>     (179 + 108) / 343][Stage 231:>              (0 + 0) / 343]
[Stage 230:=====>     (180 + 108) / 343][Stage 231:>              (0 + 0) / 343]
[Stage 230:=====>     (182 + 108) / 343][Stage 231:>              (0 + 0) / 343]
[Stage 230:=====>     (183 + 108) / 343][Stage 231:>              (0 + 0) / 343]
[Stage 230:=====>     (185 + 108) / 343][Stage 231:>              (0 + 0) / 343]
[Stage 230:======>    (189 + 108) / 343][Stage 231:>              (0 + 0) / 343]
[Stage 230:======>    (196 + 108) / 343][Stage 231:>              (0 + 0) / 343]
[Stage 230:======>    (206 + 108) / 343][Stage 231:>              (0 + 0) / 343]
[Stage 230:======>    (213 + 108) / 343][Stage 231:>              (0 + 0) / 343]
[Stage 230:======>    (218 + 108) / 343][Stage 231:>              (0 + 0) / 343]
[Stage 230:=======>   (222 + 108) / 343][Stage 231:>              (0 + 0) / 343]
[Stage 230:=======>   (235 + 108) / 343][Stage 231:>              (0 + 0) / 343]
[Stage 230:=======>   (238 + 105) / 343][Stage 231:>              (0 + 3) / 343]
[Stage 230:=======>   (243 + 100) / 343][Stage 231:>              (0 + 8) / 343]
[Stage 230:========>   (248 + 95) / 343][Stage 231:>             (0 + 13) / 343]
[Stage 230:========>   (249 + 94) / 343][Stage 231:>             (0 + 14) / 343]
[Stage 230:========>   (253 + 90) / 343][Stage 231:>             (0 + 18) / 343]
[Stage 230:========>   (254 + 89) / 343][Stage 231:>             (0 + 19) / 343]
[Stage 230:========>   (257 + 86) / 343][Stage 231:>             (0 + 22) / 343]
[Stage 230:=========>  (258 + 85) / 343][Stage 231:>             (0 + 23) / 343]
[Stage 230:=========>  (260 + 83) / 343][Stage 231:>             (0 + 25) / 343]
[Stage 230:=========>  (260 + 83) / 343][Stage 231:>             (1 + 25) / 343]
[Stage 230:=========>  (263 + 80) / 343][Stage 231:>             (2 + 28) / 343]
[Stage 230:=========>  (267 + 76) / 343][Stage 231:>             (7 + 32) / 343]
[Stage 230:=========>  (269 + 74) / 343][Stage 231:>             (8 + 34) / 343]
[Stage 230:=========>  (269 + 74) / 343][Stage 231:>            (10 + 34) / 343]
[Stage 230:=========>  (269 + 74) / 343][Stage 231:>            (14 + 34) / 343]
[Stage 230:=========>  (270 + 73) / 343][Stage 231:>            (18 + 35) / 343]
[Stage 230:=========>  (271 + 72) / 343][Stage 231:>            (22 + 36) / 343]
[Stage 230:=========>  (271 + 72) / 343][Stage 231:=>           (29 + 36) / 343]
[Stage 230:=========>  (275 + 68) / 343][Stage 231:=>           (31 + 40) / 343]
[Stage 230:=========>  (276 + 67) / 343][Stage 231:=>           (31 + 41) / 343]
[Stage 230:=========>  (276 + 67) / 343][Stage 231:=>           (36 + 41) / 343]
[Stage 230:=========>  (276 + 67) / 343][Stage 231:=>           (38 + 41) / 343]
[Stage 230:=========>  (277 + 66) / 343][Stage 231:=>           (41 + 42) / 343]
[Stage 230:=========>  (278 + 65) / 343][Stage 231:=>           (42 + 43) / 343]
[Stage 230:=========>  (278 + 65) / 343][Stage 231:=>           (43 + 43) / 343]
[Stage 230:=========>  (278 + 65) / 343][Stage 231:=>           (47 + 43) / 343]
[Stage 230:=========>  (278 + 65) / 343][Stage 231:=>           (48 + 43) / 343]
[Stage 230:=========>  (278 + 65) / 343][Stage 231:==>          (54 + 43) / 343]
[Stage 230:=========>  (278 + 65) / 343][Stage 231:==>          (66 + 43) / 343]
[Stage 230:=========>  (278 + 65) / 343][Stage 231:==>          (72 + 43) / 343]
[Stage 230:=========>  (278 + 65) / 343][Stage 231:==>          (73 + 43) / 343]
[Stage 230:=========>  (278 + 65) / 343][Stage 231:==>          (74 + 43) / 343]
[Stage 230:=========>  (278 + 65) / 343][Stage 231:==>          (77 + 43) / 343]
[Stage 230:=========>  (278 + 65) / 343][Stage 231:===>         (80 + 43) / 343]
[Stage 230:=========>  (278 + 65) / 343][Stage 231:===>         (84 + 43) / 343]
[Stage 230:=========>  (279 + 64) / 343][Stage 231:===>         (84 + 44) / 343]
[Stage 230:=========>  (279 + 64) / 343][Stage 231:===>         (85 + 44) / 343]
[Stage 230:=========>  (279 + 64) / 343][Stage 231:===>         (86 + 44) / 343]
[Stage 230:=========>  (279 + 64) / 343][Stage 231:===>         (87 + 44) / 343]
[Stage 230:=========>  (279 + 64) / 343][Stage 231:===>         (90 + 44) / 343]
[Stage 230:=========>  (280 + 63) / 343][Stage 231:===>         (90 + 45) / 343]
[Stage 230:=========>  (280 + 63) / 343][Stage 231:===>         (98 + 45) / 343]
[Stage 230:=========>  (281 + 62) / 343][Stage 231:===>         (98 + 46) / 343]
[Stage 230:=========>  (281 + 62) / 343][Stage 231:===>        (105 + 46) / 343]
[Stage 230:=========>  (282 + 61) / 343][Stage 231:===>        (105 + 47) / 343]
[Stage 230:=========>  (282 + 61) / 343][Stage 231:===>        (106 + 47) / 343]
[Stage 230:=========>  (282 + 61) / 343][Stage 231:===>        (107 + 47) / 343]
[Stage 230:=========>  (282 + 61) / 343][Stage 231:===>        (111 + 47) / 343]
[Stage 230:=========>  (282 + 61) / 343][Stage 231:===>        (112 + 47) / 343]
[Stage 230:=========>  (283 + 60) / 343][Stage 231:===>        (112 + 48) / 343]
[Stage 230:=========>  (283 + 60) / 343][Stage 231:===>        (113 + 48) / 343]
[Stage 230:=========>  (283 + 60) / 343][Stage 231:====>       (116 + 48) / 343]
[Stage 230:=========>  (283 + 60) / 343][Stage 231:====>       (117 + 48) / 343]
[Stage 230:=========>  (283 + 60) / 343][Stage 231:====>       (118 + 48) / 343]
[Stage 230:=========>  (284 + 59) / 343][Stage 231:====>       (118 + 49) / 343]
[Stage 230:=========>  (284 + 59) / 343][Stage 231:====>       (119 + 49) / 343]
[Stage 230:=========>  (285 + 58) / 343][Stage 231:====>       (119 + 50) / 343]
[Stage 230:==========> (286 + 57) / 343][Stage 231:====>       (119 + 51) / 343]
[Stage 230:==========> (287 + 56) / 343][Stage 231:====>       (119 + 52) / 343]
[Stage 230:==========> (287 + 56) / 343][Stage 231:====>       (123 + 52) / 343]
[Stage 230:==========> (287 + 56) / 343][Stage 231:====>       (124 + 52) / 343]
[Stage 230:==========> (288 + 55) / 343][Stage 231:====>       (124 + 53) / 343]
[Stage 230:==========> (288 + 55) / 343][Stage 231:====>       (125 + 53) / 343]
[Stage 230:==========> (288 + 55) / 343][Stage 231:====>       (129 + 53) / 343]
[Stage 230:==========> (288 + 55) / 343][Stage 231:====>       (131 + 53) / 343]
[Stage 230:==========> (289 + 54) / 343][Stage 231:====>       (131 + 54) / 343]
[Stage 230:==========> (289 + 54) / 343][Stage 231:====>       (132 + 54) / 343]
[Stage 230:==========> (290 + 53) / 343][Stage 231:====>       (133 + 55) / 343]
[Stage 230:==========> (290 + 53) / 343][Stage 231:====>       (137 + 55) / 343]
[Stage 230:==========> (292 + 51) / 343][Stage 231:====>       (137 + 57) / 343]
[Stage 230:==========> (292 + 51) / 343][Stage 231:====>       (139 + 57) / 343]
[Stage 230:==========> (293 + 50) / 343][Stage 231:====>       (140 + 58) / 343]
[Stage 230:==========> (293 + 50) / 343][Stage 231:=====>      (143 + 58) / 343]
[Stage 230:==========> (293 + 50) / 343][Stage 231:=====>      (150 + 58) / 343]
[Stage 230:==========> (293 + 50) / 343][Stage 231:=====>      (151 + 58) / 343]
[Stage 230:==========> (293 + 50) / 343][Stage 231:=====>      (153 + 58) / 343]
[Stage 230:==========> (294 + 49) / 343][Stage 231:=====>      (161 + 59) / 343]
[Stage 230:==========> (294 + 49) / 343][Stage 231:=====>      (162 + 59) / 343]
[Stage 230:==========> (294 + 49) / 343][Stage 231:======>     (175 + 59) / 343]
[Stage 230:==========> (295 + 48) / 343][Stage 231:======>     (183 + 60) / 343]
[Stage 230:==========> (296 + 47) / 343][Stage 231:=======>    (201 + 62) / 343]
[Stage 230:==========> (300 + 43) / 343][Stage 231:========>   (237 + 65) / 343]
[Stage 230:==========> (304 + 39) / 343][Stage 231:========>   (244 + 69) / 343]
[Stage 230:==========> (310 + 33) / 343][Stage 231:========>   (249 + 75) / 343]
[Stage 230:==========> (314 + 29) / 343][Stage 231:========>   (249 + 79) / 343]
[Stage 230:===========>(315 + 28) / 343][Stage 231:========>   (249 + 80) / 343]
[Stage 230:===========>(316 + 27) / 343][Stage 231:========>   (249 + 81) / 343]
[Stage 230:===========>(316 + 27) / 343][Stage 231:=========>  (271 + 72) / 343]
[Stage 230:===========>(316 + 27) / 343][Stage 231:==========> (311 + 32) / 343]
[Stage 230:===========>(320 + 23) / 343][Stage 231:===========>(319 + 24) / 343]
[Stage 230:===========>(323 + 20) / 343][Stage 231:===========>(319 + 24) / 343]
[Stage 230:===========>(325 + 18) / 343][Stage 231:===========>(319 + 24) / 343]
[Stage 230:===========>(325 + 18) / 343][Stage 231:============>(338 + 5) / 343]
[Stage 230:===========>(326 + 17) / 343][Stage 231:============>(338 + 5) / 343]
[Stage 230:===========>(328 + 15) / 343][Stage 231:============>(338 + 5) / 343]
[Stage 230:===========>(330 + 13) / 343][Stage 231:============>(338 + 5) / 343]
[Stage 230:===========>(330 + 13) / 343][Stage 231:============>(340 + 3) / 343]
[Stage 230:===========>(331 + 12) / 343][Stage 231:============>(340 + 3) / 343]
[Stage 230:===========>(332 + 11) / 343][Stage 231:============>(340 + 3) / 343]
[Stage 230:===========>(333 + 10) / 343][Stage 231:============>(340 + 3) / 343]
[Stage 230:============>(339 + 4) / 343][Stage 231:============>(341 + 2) / 343]
[Stage 230:====================================================>(340 + 3) / 343]
[Stage 230:====================================================>(342 + 1) / 343]
[Stage 232:================================>                  (221 + 108) / 343]
[Stage 232:==============================================>     (310 + 33) / 343]
[Stage 232:===============================================>    (313 + 30) / 343]
[Stage 232:===============================================>    (315 + 28) / 343]
[Stage 232:================================================>   (317 + 26) / 343]
[Stage 232:================================================>   (321 + 22) / 343]
[Stage 232:=================================================>  (326 + 17) / 343]
[Stage 232:=================================================>  (327 + 16) / 343]
[Stage 232:=================================================>  (329 + 14) / 343]
[Stage 232:==================================================> (331 + 12) / 343]
[Stage 232:==================================================> (332 + 11) / 343]
[Stage 232:==================================================> (333 + 10) / 343]
[Stage 232:===================================================> (334 + 9) / 343]
[Stage 232:===================================================> (335 + 8) / 343]
[Stage 232:====================================================>(339 + 4) / 343]

findmeee lsqerr7.037179624591759E7
16/11/03 21:03:12 WARN RowMatrix: The input data is not directly cached, which may hurt performance if its parent RDDs are also uncached.

[Stage 240:===============================================>    (315 + 28) / 343]
[Stage 240:================================================>   (317 + 26) / 343]
[Stage 240:================================================>   (319 + 24) / 343]
[Stage 240:=================================================>  (325 + 18) / 343]
[Stage 240:==================================================> (333 + 10) / 343]
[Stage 240:====================================================>(339 + 4) / 343]


[Stage 300:===================================================> (336 + 7) / 343]
[Stage 300:====================================================>(340 + 3) / 343]
[Stage 301:===================================================>   (17 + 1) / 18]


[Stage 305:====================================================>(341 + 2) / 343]
[Stage 305:====================================================>(342 + 1) / 343]


[Stage 330:===================================================> (335 + 8) / 343]
[Stage 330:====================================================>(337 + 6) / 343]
[Stage 330:====================================================>(338 + 5) / 343]
[Stage 330:====================================================>(342 + 1) / 343]


[Stage 366:===================================================>   (17 + 1) / 18]


[Stage 375:====================================================>(338 + 5) / 343]
[Stage 375:====================================================>(339 + 4) / 343]


[Stage 380:====================================================>(341 + 2) / 343]


[Stage 385:====================================================>(337 + 6) / 343]
[Stage 385:====================================================>(342 + 1) / 343]


[Stage 390:===================================================> (335 + 8) / 343]
[Stage 390:====================================================>(340 + 3) / 343]
[Stage 390:====================================================>(341 + 2) / 343]
[Stage 391:===================================================>   (17 + 1) / 18]


[Stage 405:====================================================>(337 + 6) / 343]


[Stage 410:====================================================>(337 + 6) / 343]
[Stage 410:====================================================>(339 + 4) / 343]
[Stage 410:====================================================>(340 + 3) / 343]
[Stage 410:====================================================>(342 + 1) / 343]


[Stage 415:====================================================>(339 + 4) / 343]
[Stage 415:====================================================>(340 + 3) / 343]
[Stage 415:====================================================>(342 + 1) / 343]


[Stage 420:====================================================>(339 + 4) / 343]
[Stage 420:====================================================>(341 + 2) / 343]


[Stage 466:===================================================>   (17 + 1) / 18]


[Stage 470:====================================================>(341 + 2) / 343]


[Stage 495:====================================================>(337 + 6) / 343]
[Stage 495:====================================================>(339 + 4) / 343]


[Stage 500:====================================================>(339 + 4) / 343]
[Stage 500:====================================================>(342 + 1) / 343]
[Stage 501:===================================================>   (17 + 1) / 18]


[Stage 505:====================================================>(340 + 3) / 343]
[Stage 505:====================================================>(342 + 1) / 343]


[Stage 510:====================================================>(337 + 6) / 343]
[Stage 510:====================================================>(341 + 2) / 343]
[Stage 510:====================================================>(342 + 1) / 343]


[Stage 515:====================================================>(342 + 1) / 343]


[Stage 521:================================================>      (16 + 2) / 18]


[Stage 525:====================================================>(337 + 6) / 343]
[Stage 525:====================================================>(339 + 4) / 343]
[Stage 525:====================================================>(342 + 1) / 343]
[Stage 526:===================================================>   (17 + 1) / 18]


[Stage 530:====================================================>(339 + 4) / 343]
[Stage 530:====================================================>(340 + 3) / 343]
[Stage 530:====================================================>(342 + 1) / 343]


[Stage 535:====================================================>(341 + 2) / 343]


[Stage 540:===================================================> (336 + 7) / 343]
[Stage 540:====================================================>(338 + 5) / 343]
[Stage 540:====================================================>(339 + 4) / 343]
[Stage 540:====================================================>(340 + 3) / 343]
[Stage 540:====================================================>(342 + 1) / 343]


[Stage 545:====================================================>(341 + 2) / 343]
[Stage 545:====================================================>(342 + 1) / 343]
[Stage 546:================================================>      (16 + 2) / 18]
[Stage 546:===================================================>   (17 + 1) / 18]


[Stage 550:====================================================>(339 + 4) / 343]
[Stage 550:====================================================>(342 + 1) / 343]
[Stage 551:=============================================>         (15 + 3) / 18]
[Stage 551:================================================>      (16 + 2) / 18]
[Stage 551:===================================================>   (17 + 1) / 18]


[Stage 555:====================================================>(339 + 4) / 343]
[Stage 555:====================================================>(340 + 3) / 343]
[Stage 555:====================================================>(341 + 2) / 343]


[Stage 560:====================================================>(339 + 4) / 343]
[Stage 560:====================================================>(340 + 3) / 343]
[Stage 560:====================================================>(341 + 2) / 343]
[Stage 560:====================================================>(342 + 1) / 343]


[Stage 565:====================================================>(339 + 4) / 343]
[Stage 565:====================================================>(340 + 3) / 343]
[Stage 565:====================================================>(341 + 2) / 343]


[Stage 570:====================================================>(341 + 2) / 343]
[Stage 570:====================================================>(342 + 1) / 343]


[Stage 575:====================================================>(341 + 2) / 343]
[Stage 575:====================================================>(342 + 1) / 343]


[Stage 580:===================================================> (334 + 5) / 343]
[Stage 580:====================================================>(342 + 1) / 343]
[Stage 581:===================================================>   (17 + 1) / 18]


[Stage 590:====================================================>(337 + 6) / 343]
[Stage 590:====================================================>(341 + 2) / 343]


[Stage 595:====================================================>(338 + 5) / 343]
[Stage 595:====================================================>(340 + 3) / 343]
[Stage 595:====================================================>(342 + 1) / 343]
[Stage 596:===================================================>   (17 + 1) / 18]


[Stage 600:====================================================>(339 + 4) / 343]
[Stage 600:====================================================>(341 + 2) / 343]
[Stage 600:====================================================>(342 + 1) / 343]
[Stage 601:===================================================>   (17 + 1) / 18]


[Stage 605:===================================================> (336 + 7) / 343]
[Stage 605:====================================================>(337 + 6) / 343]
[Stage 605:====================================================>(339 + 4) / 343]
[Stage 605:====================================================>(340 + 3) / 343]


[Stage 615:====================================================>(342 + 1) / 343]

16/11/03 21:05:04 WARN RowMatrix: The input data was not directly cached, which may hurt performance if its parent RDDs are also uncached.
findmeee1
findmeeeThu Nov 03 21:05:04 EDT 2016

[Stage 620:=>          (41 + 108) / 343][Stage 621:>              (0 + 0) / 343]
[Stage 620:==>         (64 + 109) / 343][Stage 621:>              (0 + 0) / 343]
[Stage 620:===>       (122 + 108) / 343][Stage 621:>              (0 + 0) / 343]
[Stage 620:====>      (142 + 108) / 343][Stage 621:>              (0 + 0) / 343]
[Stage 620:=====>     (185 + 108) / 343][Stage 621:>              (0 + 0) / 343]
[Stage 620:======>    (218 + 110) / 343][Stage 621:>              (0 + 0) / 343]
[Stage 620:========>   (252 + 91) / 343][Stage 621:>             (0 + 17) / 343]
[Stage 620:=========>  (275 + 68) / 343][Stage 621:>             (0 + 40) / 343]
[Stage 620:==========> (306 + 37) / 343][Stage 621:>             (0 + 71) / 343]
[Stage 620:==========> (313 + 30) / 343][Stage 621:>             (0 + 78) / 343]
[Stage 620:===========>(316 + 27) / 343][Stage 621:>             (0 + 81) / 343]
[Stage 620:===========>(317 + 26) / 343][Stage 621:>             (0 + 82) / 343]
[Stage 620:===========>(317 + 26) / 343][Stage 621:>             (1 + 82) / 343]
[Stage 620:===========>(318 + 25) / 343][Stage 621:>             (1 + 83) / 343]
[Stage 620:===========>(319 + 24) / 343][Stage 621:>             (1 + 84) / 343]
[Stage 620:===========>(322 + 21) / 343][Stage 621:>             (2 + 87) / 343]
[Stage 620:===========>(322 + 21) / 343][Stage 621:>             (4 + 87) / 343]
[Stage 620:===========>(322 + 21) / 343][Stage 621:>             (6 + 87) / 343]
[Stage 620:===========>(322 + 21) / 343][Stage 621:>             (7 + 87) / 343]
[Stage 620:===========>(322 + 21) / 343][Stage 621:>             (8 + 87) / 343]
[Stage 620:===========>(323 + 20) / 343][Stage 621:>             (8 + 89) / 343]
[Stage 620:===========>(325 + 18) / 343][Stage 621:>             (8 + 90) / 343]
[Stage 620:===========>(329 + 14) / 343][Stage 621:>             (8 + 94) / 343]
[Stage 620:===========>(329 + 14) / 343][Stage 621:>             (9 + 94) / 343]
[Stage 620:===========>(329 + 14) / 343][Stage 621:>            (11 + 94) / 343]
[Stage 620:===========>(329 + 14) / 343][Stage 621:>            (12 + 94) / 343]
[Stage 620:===========>(329 + 14) / 343][Stage 621:>            (15 + 94) / 343]
[Stage 620:===========>(329 + 14) / 343][Stage 621:>            (16 + 94) / 343]
[Stage 620:===========>(329 + 14) / 343][Stage 621:>            (18 + 95) / 343]
[Stage 620:===========>(329 + 14) / 343][Stage 621:=>           (27 + 94) / 343]
[Stage 620:===========>(329 + 14) / 343][Stage 621:=>           (31 + 94) / 343]
[Stage 620:===========>(329 + 14) / 343][Stage 621:=>           (47 + 94) / 343]
[Stage 620:===========>(329 + 14) / 343][Stage 621:=>           (50 + 94) / 343]
[Stage 620:===========>(329 + 14) / 343][Stage 621:==>          (65 + 94) / 343]
[Stage 620:===========>(329 + 14) / 343][Stage 621:==>          (79 + 94) / 343]
[Stage 620:===========>(329 + 14) / 343][Stage 621:===>         (81 + 94) / 343]
[Stage 620:===========>(329 + 14) / 343][Stage 621:====>       (124 + 94) / 343]
[Stage 620:===========>(329 + 14) / 343][Stage 621:====>       (130 + 94) / 343]
[Stage 620:===========>(330 + 13) / 343][Stage 621:====>       (138 + 95) / 343]
[Stage 620:===========>(330 + 13) / 343][Stage 621:=====>      (149 + 95) / 343]
[Stage 620:===========>(330 + 13) / 343][Stage 621:=====>      (156 + 95) / 343]
[Stage 620:===========>(330 + 13) / 343][Stage 621:=====>      (162 + 95) / 343]
[Stage 620:===========>(330 + 13) / 343][Stage 621:======>     (172 + 95) / 343]
[Stage 620:===========>(330 + 13) / 343][Stage 621:======>     (175 + 95) / 343]
[Stage 620:===========>(330 + 13) / 343][Stage 621:======>     (178 + 95) / 343]
[Stage 620:===========>(330 + 13) / 343][Stage 621:======>     (182 + 95) / 343]
[Stage 620:===========>(330 + 13) / 343][Stage 621:======>     (183 + 95) / 343]
[Stage 620:===========>(330 + 13) / 343][Stage 621:======>     (186 + 95) / 343]
[Stage 620:===========>(330 + 13) / 343][Stage 621:=======>    (205 + 95) / 343]
[Stage 620:===========>(330 + 13) / 343][Stage 621:=======>    (213 + 95) / 343]
[Stage 620:===========>(333 + 10) / 343][Stage 621:=======>    (213 + 98) / 343]
[Stage 620:===========>(333 + 10) / 343][Stage 621:=======>    (216 + 98) / 343]
[Stage 620:============>(335 + 8) / 343][Stage 621:======>    (216 + 100) / 343]
[Stage 620:============>(337 + 6) / 343][Stage 621:======>    (216 + 102) / 343]
[Stage 620:============>(339 + 4) / 343][Stage 621:======>    (216 + 104) / 343]
[Stage 620:============>(339 + 4) / 343][Stage 621:======>    (218 + 104) / 343]
[Stage 620:============>(339 + 4) / 343][Stage 621:=======>   (241 + 102) / 343]
[Stage 620:============>(339 + 4) / 343][Stage 621:=========>  (260 + 83) / 343]
[Stage 620:============>(339 + 4) / 343][Stage 621:==========> (295 + 48) / 343]
[Stage 620:============>(339 + 4) / 343][Stage 621:==========> (298 + 45) / 343]
[Stage 620:============>(339 + 4) / 343][Stage 621:==========> (299 + 44) / 343]
[Stage 620:============>(339 + 4) / 343][Stage 621:==========> (307 + 36) / 343]
[Stage 620:====================================================>(339 + 4) / 343]
[Stage 622:==================================================> (333 + 10) / 343]

findmeee lsqerr8547641.361192372
16/11/03 21:05:45 WARN RowMatrix: The input data is not directly cached, which may hurt performance if its parent RDDs are also uncached.

[Stage 634:====================================================>(340 + 3) / 343]


[Stage 873:================================================>      (16 + 2) / 18]
[Stage 873:===================================================>   (17 + 1) / 18]


[Stage 1012:===================================================>(339 + 4) / 343]


[Stage 1019:===================================================>(338 + 5) / 343]
[Stage 1019:===================================================>(342 + 1) / 343]


[Stage 1061:=================================================>  (329 + 4) / 343]


[Stage 1068:================================>                 (223 + 120) / 343]

16/11/03 21:06:28 WARN RowMatrix: The input data was not directly cached, which may hurt performance if its parent RDDs are also uncached.
findmeee2
findmeeeThu Nov 03 21:06:28 EDT 2016

[Stage 1166:>                                                   (6 + 108) / 343]
[Stage 1166:==>        (64 + 108) / 343][Stage 1167:>             (0 + 0) / 343]
[Stage 1166:===>       (95 + 108) / 343][Stage 1167:>             (0 + 0) / 343]
[Stage 1166:====>     (145 + 108) / 343][Stage 1167:>             (0 + 0) / 343]
[Stage 1166:====>     (166 + 108) / 343][Stage 1167:>             (0 + 0) / 343]
[Stage 1166:=====>    (189 + 108) / 343][Stage 1167:>             (0 + 0) / 343]
[Stage 1166:======>   (230 + 108) / 343][Stage 1167:>             (0 + 0) / 343]
[Stage 1166:========>  (269 + 74) / 343][Stage 1167:>            (0 + 34) / 343]
[Stage 1166:=========> (300 + 43) / 343][Stage 1167:>            (0 + 65) / 343]
[Stage 1166:==========>(324 + 19) / 343][Stage 1167:>            (0 + 89) / 343]
[Stage 1166:==========>(333 + 10) / 343][Stage 1167:>            (0 + 98) / 343]
[Stage 1166:===========>(334 + 9) / 343][Stage 1167:>            (5 + 99) / 343]
[Stage 1166:===========>(336 + 7) / 343][Stage 1167:>           (5 + 101) / 343]
[Stage 1166:===========>(338 + 5) / 343][Stage 1167:==>        (78 + 103) / 343]
[Stage 1166:===========>(338 + 5) / 343][Stage 1167:===>      (116 + 103) / 343]
[Stage 1167:======================>                           (155 + 108) / 343]
[Stage 1167:=============================>                    (200 + 108) / 343]
[Stage 1167:======================================>            (257 + 86) / 343]
[Stage 1167:===============================================>   (318 + 25) / 343]
[Stage 1167:===================================================>(342 + 1) / 343]

findmeee lsqerr8526333.373309737
16/11/03 21:06:33 WARN RowMatrix: The input data is not directly cached, which may hurt performance if its parent RDDs are also uncached.

[Stage 1850:===================================================>(339 + 4) / 343]

16/11/03 21:07:08 WARN RowMatrix: The input data was not directly cached, which may hurt performance if its parent RDDs are also uncached.
findmeee Final Missing start
findmeeeThu Nov 03 21:07:08 EDT 2016

[Stage 1868:===>                                               (26 + 109) / 343]
[Stage 1868:==========>                                        (70 + 109) / 343]
[Stage 1868:===============>                                  (103 + 108) / 343]
[Stage 1868:=======================>                          (158 + 108) / 343]
[Stage 1868:==========================>                       (180 + 108) / 343]
[Stage 1868:=================================>                (229 + 108) / 343]
[Stage 1868:=========================================>         (276 + 67) / 343]
[Stage 1868:==============================================>    (313 + 30) / 343]
[Stage 1868:===================================================>(341 + 2) / 343]

findmeee Final Missing end
findmeeeThu Nov 03 21:07:10 EDT 2016
findmeee outputting
findmeeeThu Nov 03 21:07:10 EDT 2016

[Stage 1869:>               (0 + 2) / 2][Stage 1877:>           (0 + 106) / 343]
[Stage 1869:========>       (1 + 1) / 2][Stage 1877:>           (2 + 107) / 343]
[Stage 1869:========>       (1 + 1) / 2][Stage 1877:>          (22 + 107) / 343]
[Stage 1869:========>       (1 + 1) / 2][Stage 1877:==>        (67 + 108) / 343]
[Stage 1869:========>       (1 + 1) / 2][Stage 1877:==>        (71 + 107) / 343]
[Stage 1877:===========>                                       (77 + 108) / 343]
[Stage 1877:=============>                                     (92 + 108) / 343]
[Stage 1877:==================>                               (125 + 108) / 343]
[Stage 1877:=====================>                            (146 + 109) / 343]
[Stage 1877:=======================>                          (163 + 108) / 343]
[Stage 1877:=========================>                        (175 + 108) / 343]
[Stage 1877:===========================>                      (187 + 108) / 343]
[Stage 1877:=============================>                    (203 + 108) / 343]
[Stage 1877:================================>                 (223 + 108) / 343]
[Stage 1877:=====================================>             (251 + 92) / 343]
[Stage 1877:========================================>          (273 + 70) / 343]
[Stage 1877:============================================>      (297 + 46) / 343]
[Stage 1877:===============================================>   (322 + 21) / 343]
[Stage 1877:=================================================> (330 + 13) / 343]
[Stage 1877:===================================================>(337 + 6) / 343]
[Stage 1877:===================================================>(339 + 4) / 343]
[Stage 1877:===================================================>(340 + 3) / 343]
[Stage 1877:===================================================>(341 + 2) / 343]
[Stage 1877:===================================================>(342 + 1) / 343]
[Stage 1878:>                                                   (2 + 108) / 343]
[Stage 1878:====>                                              (28 + 108) / 343]
[Stage 1878:=========>                                         (64 + 108) / 343]
[Stage 1878:============>                                      (85 + 108) / 343]
[Stage 1878:==============>                                    (95 + 108) / 343]
[Stage 1878:===================>                              (137 + 108) / 343]
[Stage 1878:=======================>                          (159 + 108) / 343]
[Stage 1878:===========================>                      (190 + 108) / 343]
[Stage 1878:============================>                     (193 + 108) / 343]
[Stage 1878:============================>                     (194 + 108) / 343]
[Stage 1878:============================>                     (198 + 108) / 343]
[Stage 1878:=============================>                    (201 + 108) / 343]
[Stage 1878:==============================>                   (206 + 108) / 343]
[Stage 1878:==============================>                   (210 + 108) / 343]
[Stage 1878:==================================>               (234 + 108) / 343]
[Stage 1878:============================================>      (301 + 42) / 343]
[Stage 1878:================================================>  (328 + 15) / 343]
[Stage 1878:==================================================> (334 + 9) / 343]
[Stage 1878:==================================================> (336 + 7) / 343]

findmeee end code